# JRE version: Java(TM) SE Runtime Environment (8.0_411) (build 1.8.0_411-b09)
# Java VM: Java HotSpot(TM) 64-Bit Server VM (25.411-b09 mixed mode linux-amd64 compressed oops)
Heap:
 PSYoungGen      total 658944K, used 24129K [0x000000076d180000, 0x000000079a980000, 0x00000007c0000000)
  eden space 583680K, 4% used [0x000000076d180000,0x000000076e910548,0x0000000790b80000)
  from space 75264K, 0% used [0x0000000790b80000,0x0000000790b80000,0x0000000795500000)
  to   space 80896K, 0% used [0x0000000795a80000,0x0000000795a80000,0x000000079a980000)
 ParOldGen       total 462848K, used 237858K [0x00000006c7400000, 0x00000006e3800000, 0x000000076d180000)
  object space 462848K, 51% used [0x00000006c7400000,0x00000006d5c48bb0,0x00000006e3800000)
 Metaspace       used 42133K, capacity 42547K, committed 42880K, reserved 1087488K
  class space    used 4853K, capacity 4989K, committed 4992K, reserved 1048576K
GC Heap History (10 events):
Event: 17.697 GC heap before
{Heap before GC invocations=20 (full 5):
 PSYoungGen      total 523776K, used 523768K [0x000000076d180000, 0x000000079d300000, 0x00000007c0000000)
  eden space 460800K, 100% used [0x000000076d180000,0x0000000789380000,0x0000000789380000)
  from space 62976K, 99% used [0x000000078e380000,0x00000007920fe348,0x0000000792100000)
  to   space 81920K, 0% used [0x0000000789380000,0x0000000789380000,0x000000078e380000)
 ParOldGen       total 243712K, used 179598K [0x00000006c7400000, 0x00000006d6200000, 0x000000076d180000)
  object space 243712K, 73% used [0x00000006c7400000,0x00000006d23639f8,0x00000006d6200000)
 Metaspace       used 41576K, capacity 41963K, committed 42368K, reserved 1087488K
  class space    used 4845K, capacity 4953K, committed 4992K, reserved 1048576K
Event: 17.712 GC heap after
Heap after GC invocations=20 (full 5):
 PSYoungGen      total 542720K, used 33132K [0x000000076d180000, 0x000000079a400000, 0x00000007c0000000)
  eden space 460800K, 0% used [0x000000076d180000,0x000000076d180000,0x0000000789380000)
  from space 81920K, 40% used [0x0000000789380000,0x000000078b3db218,0x000000078e380000)
  to   space 78848K, 0% used [0x0000000795700000,0x0000000795700000,0x000000079a400000)
 ParOldGen       total 243712K, used 234844K [0x00000006c7400000, 0x00000006d6200000, 0x000000076d180000)
  object space 243712K, 96% used [0x00000006c7400000,0x00000006d59573b0,0x00000006d6200000)
 Metaspace       used 41576K, capacity 41963K, committed 42368K, reserved 1087488K
  class space    used 4845K, capacity 4953K, committed 4992K, reserved 1048576K
}
Event: 17.712 GC heap before
{Heap before GC invocations=21 (full 6):
 PSYoungGen      total 542720K, used 33132K [0x000000076d180000, 0x000000079a400000, 0x00000007c0000000)
  eden space 460800K, 0% used [0x000000076d180000,0x000000076d180000,0x0000000789380000)
  from space 81920K, 40% used [0x0000000789380000,0x000000078b3db218,0x000000078e380000)
  to   space 78848K, 0% used [0x0000000795700000,0x0000000795700000,0x000000079a400000)
 ParOldGen       total 243712K, used 234844K [0x00000006c7400000, 0x00000006d6200000, 0x000000076d180000)
  object space 243712K, 96% used [0x00000006c7400000,0x00000006d59573b0,0x00000006d6200000)
 Metaspace       used 41576K, capacity 41963K, committed 42368K, reserved 1087488K
  class space    used 4845K, capacity 4953K, committed 4992K, reserved 1048576K
Event: 17.770 GC heap after
Heap after GC invocations=21 (full 6):
 PSYoungGen      total 542720K, used 0K [0x000000076d180000, 0x000000079a400000, 0x00000007c0000000)
  eden space 460800K, 0% used [0x000000076d180000,0x000000076d180000,0x0000000789380000)
  from space 81920K, 0% used [0x0000000789380000,0x0000000789380000,0x000000078e380000)
  to   space 78848K, 0% used [0x0000000795700000,0x0000000795700000,0x000000079a400000)
 ParOldGen       total 462848K, used 231512K [0x00000006c7400000, 0x00000006e3800000, 0x000000076d180000)
  object space 462848K, 50% used [0x00000006c7400000,0x00000006d5616100,0x00000006e3800000)
 Metaspace       used 41576K, capacity 41963K, committed 42368K, reserved 1087488K
  class space    used 4845K, capacity 4953K, committed 4992K, reserved 1048576K
}
Event: 29.768 GC heap before
{Heap before GC invocations=22 (full 6):
 PSYoungGen      total 542720K, used 460800K [0x000000076d180000, 0x000000079a400000, 0x00000007c0000000)
  eden space 460800K, 100% used [0x000000076d180000,0x0000000789380000,0x0000000789380000)
  from space 81920K, 0% used [0x0000000789380000,0x0000000789380000,0x000000078e380000)
  to   space 78848K, 0% used [0x0000000795700000,0x0000000795700000,0x000000079a400000)
 ParOldGen       total 462848K, used 231512K [0x00000006c7400000, 0x00000006e3800000, 0x000000076d180000)
  object space 462848K, 50% used [0x00000006c7400000,0x00000006d5616100,0x00000006e3800000)
 Metaspace       used 41887K, capacity 42279K, committed 42624K, reserved 1087488K
  class space    used 4849K, capacity 4989K, committed 4992K, reserved 1048576K
Event: 29.777 GC heap after
Heap after GC invocations=22 (full 6):
 PSYoungGen      total 656896K, used 31541K [0x000000076d180000, 0x0000000799e80000, 0x00000007c0000000)
  eden space 583680K, 0% used [0x000000076d180000,0x000000076d180000,0x0000000790b80000)
  from space 73216K, 43% used [0x0000000795700000,0x00000007975cd410,0x0000000799e80000)
  to   space 75264K, 0% used [0x0000000790b80000,0x0000000790b80000,0x0000000795500000)
 ParOldGen       total 462848K, used 231520K [0x00000006c7400000, 0x00000006e3800000, 0x000000076d180000)
  object space 462848K, 50% used [0x00000006c7400000,0x00000006d5618100,0x00000006e3800000)
 Metaspace       used 41887K, capacity 42279K, committed 42624K, reserved 1087488K
  class space    used 4849K, capacity 4989K, committed 4992K, reserved 1048576K
}
Event: 36.533 GC heap before
{Heap before GC invocations=23 (full 6):
 PSYoungGen      total 656896K, used 506689K [0x000000076d180000, 0x0000000799e80000, 0x00000007c0000000)
  eden space 583680K, 81% used [0x000000076d180000,0x000000078a1830f8,0x0000000790b80000)
  from space 73216K, 43% used [0x0000000795700000,0x00000007975cd410,0x0000000799e80000)
  to   space 75264K, 0% used [0x0000000790b80000,0x0000000790b80000,0x0000000795500000)
 ParOldGen       total 462848K, used 231520K [0x00000006c7400000, 0x00000006e3800000, 0x000000076d180000)
  object space 462848K, 50% used [0x00000006c7400000,0x00000006d5618100,0x00000006e3800000)
 Metaspace       used 42106K, capacity 42547K, committed 42880K, reserved 1087488K
  class space    used 4853K, capacity 4989K, committed 4992K, reserved 1048576K
Event: 36.543 GC heap after
Heap after GC invocations=23 (full 6):
 PSYoungGen      total 658944K, used 56927K [0x000000076d180000, 0x000000079a980000, 0x00000007c0000000)
  eden space 583680K, 0% used [0x000000076d180000,0x000000076d180000,0x0000000790b80000)
  from space 75264K, 75% used [0x0000000790b80000,0x0000000794317d68,0x0000000795500000)
  to   space 80896K, 0% used [0x0000000795a80000,0x0000000795a80000,0x000000079a980000)
 ParOldGen       total 462848K, used 231528K [0x00000006c7400000, 0x00000006e3800000, 0x000000076d180000)
  object space 462848K, 50% used [0x00000006c7400000,0x00000006d561a100,0x00000006e3800000)
 Metaspace       used 42106K, capacity 42547K, committed 42880K, reserved 1087488K
  class space    used 4853K, capacity 4989K, committed 4992K, reserved 1048576K
}
Event: 36.543 GC heap before
{Heap before GC invocations=24 (full 7):
 PSYoungGen      total 658944K, used 56927K [0x000000076d180000, 0x000000079a980000, 0x00000007c0000000)
  eden space 583680K, 0% used [0x000000076d180000,0x000000076d180000,0x0000000790b80000)
  from space 75264K, 75% used [0x0000000790b80000,0x0000000794317d68,0x0000000795500000)
  to   space 80896K, 0% used [0x0000000795a80000,0x0000000795a80000,0x000000079a980000)
 ParOldGen       total 462848K, used 231528K [0x00000006c7400000, 0x00000006e3800000, 0x000000076d180000)
  object space 462848K, 50% used [0x00000006c7400000,0x00000006d561a100,0x00000006e3800000)
 Metaspace       used 42106K, capacity 42547K, committed 42880K, reserved 1087488K
  class space    used 4853K, capacity 4989K, committed 4992K, reserved 1048576K
Event: 36.690 GC heap after
Heap after GC invocations=24 (full 7):
 PSYoungGen      total 658944K, used 0K [0x000000076d180000, 0x000000079a980000, 0x00000007c0000000)
  eden space 583680K, 0% used [0x000000076d180000,0x000000076d180000,0x0000000790b80000)
  from space 75264K, 0% used [0x0000000790b80000,0x0000000790b80000,0x0000000795500000)
  to   space 80896K, 0% used [0x0000000795a80000,0x0000000795a80000,0x000000079a980000)
 ParOldGen       total 462848K, used 237858K [0x00000006c7400000, 0x00000006e3800000, 0x000000076d180000)
  object space 462848K, 51% used [0x00000006c7400000,0x00000006d5c48bb0,0x00000006e3800000)
 Metaspace       used 42106K, capacity 42547K, committed 42880K, reserved 1087488K
  class space    used 4853K, capacity 4989K, committed 4992K, reserved 1048576K
}

