# JRE version: Java(TM) SE Runtime Environment (8.0_411) (build 1.8.0_411-b09)
# Java VM: Java HotSpot(TM) 64-Bit Server VM (25.411-b09 mixed mode linux-amd64 compressed oops)
Heap:
 PSYoungGen      total 385024K, used 37088K [0x000000076d180000, 0x0000000787080000, 0x00000007c0000000)
  eden space 347136K, 10% used [0x000000076d180000,0x000000076f5b8308,0x0000000782480000)
  from space 37888K, 0% used [0x0000000784b80000,0x0000000784b80000,0x0000000787080000)
  to   space 38912K, 0% used [0x0000000782480000,0x0000000782480000,0x0000000784a80000)
 ParOldGen       total 246784K, used 81452K [0x00000006c7400000, 0x00000006d6500000, 0x000000076d180000)
  object space 246784K, 33% used [0x00000006c7400000,0x00000006cc38b008,0x00000006d6500000)
 Metaspace       used 36379K, capacity 36739K, committed 36952K, reserved 1081344K
  class space    used 4486K, capacity 4585K, committed 4608K, reserved 1048576K
GC Heap History (10 events):
Event: 2.094 GC heap before
{Heap before GC invocations=8 (full 1):
 PSYoungGen      total 161792K, used 161760K [0x000000076d180000, 0x0000000779780000, 0x00000007c0000000)
  eden space 147456K, 100% used [0x000000076d180000,0x0000000776180000,0x0000000776180000)
  from space 14336K, 99% used [0x0000000777600000,0x00000007783f8030,0x0000000778400000)
  to   space 20992K, 0% used [0x0000000776180000,0x0000000776180000,0x0000000777600000)
 ParOldGen       total 101888K, used 24178K [0x00000006c7400000, 0x00000006cd780000, 0x000000076d180000)
  object space 101888K, 23% used [0x00000006c7400000,0x00000006c8b9ca50,0x00000006cd780000)
 Metaspace       used 33373K, capacity 33717K, committed 33920K, reserved 1079296K
  class space    used 4341K, capacity 4448K, committed 4480K, reserved 1048576K
Event: 2.109 GC heap after
Heap after GC invocations=8 (full 1):
 PSYoungGen      total 168448K, used 20976K [0x000000076d180000, 0x0000000781380000, 0x00000007c0000000)
  eden space 147456K, 0% used [0x000000076d180000,0x000000076d180000,0x0000000776180000)
  from space 20992K, 99% used [0x0000000776180000,0x00000007775fc060,0x0000000777600000)
  to   space 38912K, 0% used [0x000000077ed80000,0x000000077ed80000,0x0000000781380000)
 ParOldGen       total 101888K, used 51319K [0x00000006c7400000, 0x00000006cd780000, 0x000000076d180000)
  object space 101888K, 50% used [0x00000006c7400000,0x00000006ca61de30,0x00000006cd780000)
 Metaspace       used 33373K, capacity 33717K, committed 33920K, reserved 1079296K
  class space    used 4341K, capacity 4448K, committed 4480K, reserved 1048576K
}
Event: 2.544 GC heap before
{Heap before GC invocations=9 (full 1):
 PSYoungGen      total 168448K, used 168432K [0x000000076d180000, 0x0000000781380000, 0x00000007c0000000)
  eden space 147456K, 100% used [0x000000076d180000,0x0000000776180000,0x0000000776180000)
  from space 20992K, 99% used [0x0000000776180000,0x00000007775fc060,0x0000000777600000)
  to   space 38912K, 0% used [0x000000077ed80000,0x000000077ed80000,0x0000000781380000)
 ParOldGen       total 101888K, used 51319K [0x00000006c7400000, 0x00000006cd780000, 0x000000076d180000)
  object space 101888K, 50% used [0x00000006c7400000,0x00000006ca61de30,0x00000006cd780000)
 Metaspace       used 33758K, capacity 34075K, committed 34304K, reserved 1079296K
  class space    used 4362K, capacity 4481K, committed 4608K, reserved 1048576K
Event: 2.555 GC heap after
Heap after GC invocations=9 (full 1):
 PSYoungGen      total 285696K, used 21692K [0x000000076d180000, 0x0000000781180000, 0x00000007c0000000)
  eden space 248832K, 0% used [0x000000076d180000,0x000000076d180000,0x000000077c480000)
  from space 36864K, 58% used [0x000000077ed80000,0x00000007802af000,0x0000000781180000)
  to   space 39424K, 0% used [0x000000077c480000,0x000000077c480000,0x000000077eb00000)
 ParOldGen       total 101888K, used 53743K [0x00000006c7400000, 0x00000006cd780000, 0x000000076d180000)
  object space 101888K, 52% used [0x00000006c7400000,0x00000006ca87be60,0x00000006cd780000)
 Metaspace       used 33758K, capacity 34075K, committed 34304K, reserved 1079296K
  class space    used 4362K, capacity 4481K, committed 4608K, reserved 1048576K
}
Event: 3.188 GC heap before
{Heap before GC invocations=10 (full 1):
 PSYoungGen      total 285696K, used 270524K [0x000000076d180000, 0x0000000781180000, 0x00000007c0000000)
  eden space 248832K, 100% used [0x000000076d180000,0x000000077c480000,0x000000077c480000)
  from space 36864K, 58% used [0x000000077ed80000,0x00000007802af000,0x0000000781180000)
  to   space 39424K, 0% used [0x000000077c480000,0x000000077c480000,0x000000077eb00000)
 ParOldGen       total 101888K, used 53743K [0x00000006c7400000, 0x00000006cd780000, 0x000000076d180000)
  object space 101888K, 52% used [0x00000006c7400000,0x00000006ca87be60,0x00000006cd780000)
 Metaspace       used 34270K, capacity 34587K, committed 34816K, reserved 1079296K
  class space    used 4384K, capacity 4481K, committed 4608K, reserved 1048576K
Event: 3.198 GC heap after
Heap after GC invocations=10 (full 1):
 PSYoungGen      total 288256K, used 24800K [0x000000076d180000, 0x0000000787300000, 0x00000007c0000000)
  eden space 248832K, 0% used [0x000000076d180000,0x000000076d180000,0x000000077c480000)
  from space 39424K, 62% used [0x000000077c480000,0x000000077dcb8030,0x000000077eb00000)
  to   space 40448K, 0% used [0x0000000784b80000,0x0000000784b80000,0x0000000787300000)
 ParOldGen       total 101888K, used 54867K [0x00000006c7400000, 0x00000006cd780000, 0x000000076d180000)
  object space 101888K, 53% used [0x00000006c7400000,0x00000006ca994e70,0x00000006cd780000)
 Metaspace       used 34270K, capacity 34587K, committed 34816K, reserved 1079296K
  class space    used 4384K, capacity 4481K, committed 4608K, reserved 1048576K
}
Event: 3.518 GC heap before
{Heap before GC invocations=11 (full 1):
 PSYoungGen      total 288256K, used 121904K [0x000000076d180000, 0x0000000787300000, 0x00000007c0000000)
  eden space 248832K, 39% used [0x000000076d180000,0x00000007730540c0,0x000000077c480000)
  from space 39424K, 62% used [0x000000077c480000,0x000000077dcb8030,0x000000077eb00000)
  to   space 40448K, 0% used [0x0000000784b80000,0x0000000784b80000,0x0000000787300000)
 ParOldGen       total 101888K, used 54867K [0x00000006c7400000, 0x00000006cd780000, 0x000000076d180000)
  object space 101888K, 53% used [0x00000006c7400000,0x00000006ca994e70,0x00000006cd780000)
 Metaspace       used 34912K, capacity 35233K, committed 35416K, reserved 1081344K
  class space    used 4417K, capacity 4546K, committed 4608K, reserved 1048576K
Event: 3.529 GC heap after
Heap after GC invocations=11 (full 1):
 PSYoungGen      total 385024K, used 18836K [0x000000076d180000, 0x0000000787080000, 0x00000007c0000000)
  eden space 347136K, 0% used [0x000000076d180000,0x000000076d180000,0x0000000782480000)
  from space 37888K, 49% used [0x0000000784b80000,0x0000000785de5190,0x0000000787080000)
  to   space 38912K, 0% used [0x0000000782480000,0x0000000782480000,0x0000000784a80000)
 ParOldGen       total 101888K, used 73963K [0x00000006c7400000, 0x00000006cd780000, 0x000000076d180000)
  object space 101888K, 72% used [0x00000006c7400000,0x00000006cbc3aed0,0x00000006cd780000)
 Metaspace       used 34912K, capacity 35233K, committed 35416K, reserved 1081344K
  class space    used 4417K, capacity 4546K, committed 4608K, reserved 1048576K
}
Event: 3.529 GC heap before
{Heap before GC invocations=12 (full 2):
 PSYoungGen      total 385024K, used 18836K [0x000000076d180000, 0x0000000787080000, 0x00000007c0000000)
  eden space 347136K, 0% used [0x000000076d180000,0x000000076d180000,0x0000000782480000)
  from space 37888K, 49% used [0x0000000784b80000,0x0000000785de5190,0x0000000787080000)
  to   space 38912K, 0% used [0x0000000782480000,0x0000000782480000,0x0000000784a80000)
 ParOldGen       total 101888K, used 73963K [0x00000006c7400000, 0x00000006cd780000, 0x000000076d180000)
  object space 101888K, 72% used [0x00000006c7400000,0x00000006cbc3aed0,0x00000006cd780000)
 Metaspace       used 34912K, capacity 35233K, committed 35416K, reserved 1081344K
  class space    used 4417K, capacity 4546K, committed 4608K, reserved 1048576K
Event: 3.629 GC heap after
Heap after GC invocations=12 (full 2):
 PSYoungGen      total 385024K, used 0K [0x000000076d180000, 0x0000000787080000, 0x00000007c0000000)
  eden space 347136K, 0% used [0x000000076d180000,0x000000076d180000,0x0000000782480000)
  from space 37888K, 0% used [0x0000000784b80000,0x0000000784b80000,0x0000000787080000)
  to   space 38912K, 0% used [0x0000000782480000,0x0000000782480000,0x0000000784a80000)
 ParOldGen       total 246784K, used 81452K [0x00000006c7400000, 0x00000006d6500000, 0x000000076d180000)
  object space 246784K, 33% used [0x00000006c7400000,0x00000006cc38b008,0x00000006d6500000)
 Metaspace       used 34912K, capacity 35233K, committed 35416K, reserved 1081344K
  class space    used 4417K, capacity 4546K, committed 4608K, reserved 1048576K
}

