# JRE version: Java(TM) SE Runtime Environment (8.0_411) (build 1.8.0_411-b09)
# Java VM: Java HotSpot(TM) 64-Bit Server VM (25.411-b09 mixed mode linux-amd64 compressed oops)
Heap:
 PSYoungGen      total 578560K, used 543981K [0x000000076d180000, 0x000000079a100000, 0x00000007c0000000)
  eden space 513536K, 93% used [0x000000076d180000,0x000000078a595f18,0x000000078c700000)
  from space 65024K, 99% used [0x000000078da00000,0x0000000791925518,0x0000000791980000)
  to   space 111616K, 0% used [0x0000000793400000,0x0000000793400000,0x000000079a100000)
 ParOldGen       total 482816K, used 258271K [0x00000006c7400000, 0x00000006e4b80000, 0x000000076d180000)
  object space 482816K, 53% used [0x00000006c7400000,0x00000006d7037f28,0x00000006e4b80000)
 Metaspace       used 43283K, capacity 43687K, committed 44032K, reserved 1087488K
  class space    used 4970K, capacity 5067K, committed 5120K, reserved 1048576K
GC Heap History (10 events):
Event: 176.782 GC heap before
{Heap before GC invocations=29 (full 6):
 PSYoungGen      total 690176K, used 690002K [0x000000076d180000, 0x00000007a1100000, 0x00000007c0000000)
  eden space 620032K, 100% used [0x000000076d180000,0x0000000792f00000,0x0000000792f00000)
  from space 70144K, 99% used [0x000000079cc80000,0x00000007a10d4a28,0x00000007a1100000)
  to   space 110592K, 0% used [0x0000000793900000,0x0000000793900000,0x000000079a500000)
 ParOldGen       total 482816K, used 258247K [0x00000006c7400000, 0x00000006e4b80000, 0x000000076d180000)
  object space 482816K, 53% used [0x00000006c7400000,0x00000006d7031f28,0x00000006e4b80000)
 Metaspace       used 43167K, capacity 43559K, committed 43776K, reserved 1087488K
  class space    used 4967K, capacity 5067K, committed 5120K, reserved 1048576K
Event: 176.795 GC heap after
Heap after GC invocations=29 (full 6):
 PSYoungGen      total 666624K, used 69943K [0x000000076d180000, 0x000000079f400000, 0x00000007c0000000)
  eden space 596480K, 0% used [0x000000076d180000,0x000000076d180000,0x0000000791800000)
  from space 70144K, 99% used [0x0000000793900000,0x0000000797d4df98,0x0000000797d80000)
  to   space 112640K, 0% used [0x0000000798600000,0x0000000798600000,0x000000079f400000)
 ParOldGen       total 482816K, used 258255K [0x00000006c7400000, 0x00000006e4b80000, 0x000000076d180000)
  object space 482816K, 53% used [0x00000006c7400000,0x00000006d7033f28,0x00000006e4b80000)
 Metaspace       used 43167K, capacity 43559K, committed 43776K, reserved 1087488K
  class space    used 4967K, capacity 5067K, committed 5120K, reserved 1048576K
}
Event: 201.831 GC heap before
{Heap before GC invocations=30 (full 6):
 PSYoungGen      total 666624K, used 666423K [0x000000076d180000, 0x000000079f400000, 0x00000007c0000000)
  eden space 596480K, 100% used [0x000000076d180000,0x0000000791800000,0x0000000791800000)
  from space 70144K, 99% used [0x0000000793900000,0x0000000797d4df98,0x0000000797d80000)
  to   space 112640K, 0% used [0x0000000798600000,0x0000000798600000,0x000000079f400000)
 ParOldGen       total 482816K, used 258255K [0x00000006c7400000, 0x00000006e4b80000, 0x000000076d180000)
  object space 482816K, 53% used [0x00000006c7400000,0x00000006d7033f28,0x00000006e4b80000)
 Metaspace       used 43171K, capacity 43559K, committed 43776K, reserved 1087488K
  class space    used 4967K, capacity 5067K, committed 5120K, reserved 1048576K
Event: 201.841 GC heap after
Heap after GC invocations=30 (full 6):
 PSYoungGen      total 668160K, used 70052K [0x000000076d180000, 0x000000079e180000, 0x00000007c0000000)
  eden space 574464K, 0% used [0x000000076d180000,0x000000076d180000,0x0000000790280000)
  from space 93696K, 74% used [0x0000000798600000,0x000000079ca69308,0x000000079e180000)
  to   space 114176K, 0% used [0x0000000790280000,0x0000000790280000,0x0000000797200000)
 ParOldGen       total 482816K, used 258263K [0x00000006c7400000, 0x00000006e4b80000, 0x000000076d180000)
  object space 482816K, 53% used [0x00000006c7400000,0x00000006d7035f28,0x00000006e4b80000)
 Metaspace       used 43171K, capacity 43559K, committed 43776K, reserved 1087488K
  class space    used 4967K, capacity 5067K, committed 5120K, reserved 1048576K
}
Event: 226.032 GC heap before
{Heap before GC invocations=31 (full 6):
 PSYoungGen      total 668160K, used 644516K [0x000000076d180000, 0x000000079e180000, 0x00000007c0000000)
  eden space 574464K, 100% used [0x000000076d180000,0x0000000790280000,0x0000000790280000)
  from space 93696K, 74% used [0x0000000798600000,0x000000079ca69308,0x000000079e180000)
  to   space 114176K, 0% used [0x0000000790280000,0x0000000790280000,0x0000000797200000)
 ParOldGen       total 482816K, used 258263K [0x00000006c7400000, 0x00000006e4b80000, 0x000000076d180000)
  object space 482816K, 53% used [0x00000006c7400000,0x00000006d7035f28,0x00000006e4b80000)
 Metaspace       used 43183K, capacity 43559K, committed 43776K, reserved 1087488K
  class space    used 4967K, capacity 5067K, committed 5120K, reserved 1048576K
Event: 226.042 GC heap after
Heap after GC invocations=31 (full 6):
 PSYoungGen      total 623616K, used 69977K [0x000000076d180000, 0x000000079ce00000, 0x00000007c0000000)
  eden space 553472K, 0% used [0x000000076d180000,0x000000076d180000,0x000000078ee00000)
  from space 70144K, 99% used [0x0000000790280000,0x00000007946d6528,0x0000000794700000)
  to   space 114688K, 0% used [0x0000000795e00000,0x0000000795e00000,0x000000079ce00000)
 ParOldGen       total 482816K, used 258271K [0x00000006c7400000, 0x00000006e4b80000, 0x000000076d180000)
  object space 482816K, 53% used [0x00000006c7400000,0x00000006d7037f28,0x00000006e4b80000)
 Metaspace       used 43183K, capacity 43559K, committed 43776K, reserved 1087488K
  class space    used 4967K, capacity 5067K, committed 5120K, reserved 1048576K
}
Event: 246.011 GC heap before
{Heap before GC invocations=32 (full 6):
 PSYoungGen      total 623616K, used 623449K [0x000000076d180000, 0x000000079ce00000, 0x00000007c0000000)
  eden space 553472K, 100% used [0x000000076d180000,0x000000078ee00000,0x000000078ee00000)
  from space 70144K, 99% used [0x0000000790280000,0x00000007946d6528,0x0000000794700000)
  to   space 114688K, 0% used [0x0000000795e00000,0x0000000795e00000,0x000000079ce00000)
 ParOldGen       total 482816K, used 258271K [0x00000006c7400000, 0x00000006e4b80000, 0x000000076d180000)
  object space 482816K, 53% used [0x00000006c7400000,0x00000006d7037f28,0x00000006e4b80000)
 Metaspace       used 43241K, capacity 43687K, committed 44032K, reserved 1087488K
  class space    used 4968K, capacity 5067K, committed 5120K, reserved 1048576K
Event: 246.022 GC heap after
Heap after GC invocations=32 (full 6):
 PSYoungGen      total 625152K, used 67566K [0x000000076d180000, 0x000000079b800000, 0x00000007c0000000)
  eden space 532992K, 0% used [0x000000076d180000,0x000000076d180000,0x000000078da00000)
  from space 92160K, 73% used [0x0000000795e00000,0x0000000799ffb808,0x000000079b800000)
  to   space 113664K, 0% used [0x000000078da00000,0x000000078da00000,0x0000000794900000)
 ParOldGen       total 482816K, used 258271K [0x00000006c7400000, 0x00000006e4b80000, 0x000000076d180000)
  object space 482816K, 53% used [0x00000006c7400000,0x00000006d7037f28,0x00000006e4b80000)
 Metaspace       used 43241K, capacity 43687K, committed 44032K, reserved 1087488K
  class space    used 4968K, capacity 5067K, committed 5120K, reserved 1048576K
}
Event: 268.492 GC heap before
{Heap before GC invocations=33 (full 6):
 PSYoungGen      total 625152K, used 600558K [0x000000076d180000, 0x000000079b800000, 0x00000007c0000000)
  eden space 532992K, 100% used [0x000000076d180000,0x000000078da00000,0x000000078da00000)
  from space 92160K, 73% used [0x0000000795e00000,0x0000000799ffb808,0x000000079b800000)
  to   space 113664K, 0% used [0x000000078da00000,0x000000078da00000,0x0000000794900000)
 ParOldGen       total 482816K, used 258271K [0x00000006c7400000, 0x00000006e4b80000, 0x000000076d180000)
  object space 482816K, 53% used [0x00000006c7400000,0x00000006d7037f28,0x00000006e4b80000)
 Metaspace       used 43250K, capacity 43687K, committed 44032K, reserved 1087488K
  class space    used 4968K, capacity 5067K, committed 5120K, reserved 1048576K
Event: 268.502 GC heap after
Heap after GC invocations=33 (full 6):
 PSYoungGen      total 578560K, used 64661K [0x000000076d180000, 0x000000079a100000, 0x00000007c0000000)
  eden space 513536K, 0% used [0x000000076d180000,0x000000076d180000,0x000000078c700000)
  from space 65024K, 99% used [0x000000078da00000,0x0000000791925518,0x0000000791980000)
  to   space 111616K, 0% used [0x0000000793400000,0x0000000793400000,0x000000079a100000)
 ParOldGen       total 482816K, used 258271K [0x00000006c7400000, 0x00000006e4b80000, 0x000000076d180000)
  object space 482816K, 53% used [0x00000006c7400000,0x00000006d7037f28,0x00000006e4b80000)
 Metaspace       used 43250K, capacity 43687K, committed 44032K, reserved 1087488K
  class space    used 4968K, capacity 5067K, committed 5120K, reserved 1048576K
}

