# JRE version: Java(TM) SE Runtime Environment (8.0_411) (build 1.8.0_411-b09)
# Java VM: Java HotSpot(TM) 64-Bit Server VM (25.411-b09 mixed mode linux-amd64 compressed oops)
Heap:
 PSYoungGen      total 623104K, used 220466K [0x000000076d180000, 0x0000000797f00000, 0x00000007c0000000)
  eden space 556544K, 34% used [0x000000076d180000,0x0000000778a6c888,0x000000078f100000)
  from space 66560K, 46% used [0x0000000793e00000,0x0000000795c60310,0x0000000797f00000)
  to   space 72704K, 0% used [0x000000078f100000,0x000000078f100000,0x0000000793800000)
 ParOldGen       total 474624K, used 234349K [0x00000006c7400000, 0x00000006e4380000, 0x000000076d180000)
  object space 474624K, 49% used [0x00000006c7400000,0x00000006d58db6c0,0x00000006e4380000)
 Metaspace       used 42049K, capacity 42457K, committed 42880K, reserved 1087488K
  class space    used 4860K, capacity 4988K, committed 4992K, reserved 1048576K
GC Heap History (10 events):
Event: 7.451 GC heap before
{Heap before GC invocations=18 (full 5):
 PSYoungGen      total 497152K, used 39392K [0x000000076d180000, 0x0000000790d80000, 0x00000007c0000000)
  eden space 457728K, 0% used [0x000000076d180000,0x000000076d180000,0x0000000789080000)
  from space 39424K, 99% used [0x0000000789080000,0x000000078b6f80f0,0x000000078b700000)
  to   space 64000K, 0% used [0x000000078cf00000,0x000000078cf00000,0x0000000790d80000)
 ParOldGen       total 250368K, used 128154K [0x00000006c7400000, 0x00000006d6880000, 0x000000076d180000)
  object space 250368K, 51% used [0x00000006c7400000,0x00000006cf126b50,0x00000006d6880000)
 Metaspace       used 39206K, capacity 39567K, committed 39808K, reserved 1083392K
  class space    used 4801K, capacity 4885K, committed 4992K, reserved 1048576K
Event: 7.579 GC heap after
Heap after GC invocations=18 (full 5):
 PSYoungGen      total 497152K, used 0K [0x000000076d180000, 0x0000000790d80000, 0x00000007c0000000)
  eden space 457728K, 0% used [0x000000076d180000,0x000000076d180000,0x0000000789080000)
  from space 39424K, 0% used [0x0000000789080000,0x0000000789080000,0x000000078b700000)
  to   space 64000K, 0% used [0x000000078cf00000,0x000000078cf00000,0x0000000790d80000)
 ParOldGen       total 250368K, used 160996K [0x00000006c7400000, 0x00000006d6880000, 0x000000076d180000)
  object space 250368K, 64% used [0x00000006c7400000,0x00000006d11391d0,0x00000006d6880000)
 Metaspace       used 39206K, capacity 39567K, committed 39808K, reserved 1083392K
  class space    used 4801K, capacity 4885K, committed 4992K, reserved 1048576K
}
Event: 10.181 GC heap before
{Heap before GC invocations=19 (full 5):
 PSYoungGen      total 497152K, used 457728K [0x000000076d180000, 0x0000000790d80000, 0x00000007c0000000)
  eden space 457728K, 100% used [0x000000076d180000,0x0000000789080000,0x0000000789080000)
  from space 39424K, 0% used [0x0000000789080000,0x0000000789080000,0x000000078b700000)
  to   space 64000K, 0% used [0x000000078cf00000,0x000000078cf00000,0x0000000790d80000)
 ParOldGen       total 250368K, used 160996K [0x00000006c7400000, 0x00000006d6880000, 0x000000076d180000)
  object space 250368K, 64% used [0x00000006c7400000,0x00000006d11391d0,0x00000006d6880000)
 Metaspace       used 41091K, capacity 41409K, committed 41856K, reserved 1085440K
  class space    used 4838K, capacity 4920K, committed 4992K, reserved 1048576K
Event: 10.197 GC heap after
Heap after GC invocations=19 (full 5):
 PSYoungGen      total 504320K, used 63992K [0x000000076d180000, 0x000000079b700000, 0x00000007c0000000)
  eden space 440320K, 0% used [0x000000076d180000,0x000000076d180000,0x0000000787f80000)
  from space 64000K, 99% used [0x000000078cf00000,0x0000000790d7e300,0x0000000790d80000)
  to   space 81408K, 0% used [0x0000000787f80000,0x0000000787f80000,0x000000078cf00000)
 ParOldGen       total 250368K, used 176387K [0x00000006c7400000, 0x00000006d6880000, 0x000000076d180000)
  object space 250368K, 70% used [0x00000006c7400000,0x00000006d2040d00,0x00000006d6880000)
 Metaspace       used 41091K, capacity 41409K, committed 41856K, reserved 1085440K
  class space    used 4838K, capacity 4920K, committed 4992K, reserved 1048576K
}
Event: 13.337 GC heap before
{Heap before GC invocations=20 (full 5):
 PSYoungGen      total 504320K, used 504312K [0x000000076d180000, 0x000000079b700000, 0x00000007c0000000)
  eden space 440320K, 100% used [0x000000076d180000,0x0000000787f80000,0x0000000787f80000)
  from space 64000K, 99% used [0x000000078cf00000,0x0000000790d7e300,0x0000000790d80000)
  to   space 81408K, 0% used [0x0000000787f80000,0x0000000787f80000,0x000000078cf00000)
 ParOldGen       total 250368K, used 176387K [0x00000006c7400000, 0x00000006d6880000, 0x000000076d180000)
  object space 250368K, 70% used [0x00000006c7400000,0x00000006d2040d00,0x00000006d6880000)
 Metaspace       used 41462K, capacity 41895K, committed 42112K, reserved 1087488K
  class space    used 4845K, capacity 4953K, committed 4992K, reserved 1048576K
Event: 13.353 GC heap after
Heap after GC invocations=20 (full 5):
 PSYoungGen      total 521728K, used 24751K [0x000000076d180000, 0x0000000798880000, 0x00000007c0000000)
  eden space 440320K, 0% used [0x000000076d180000,0x000000076d180000,0x0000000787f80000)
  from space 81408K, 30% used [0x0000000787f80000,0x00000007897abcf0,0x000000078cf00000)
  to   space 76288K, 0% used [0x0000000793e00000,0x0000000793e00000,0x0000000798880000)
 ParOldGen       total 250368K, used 235215K [0x00000006c7400000, 0x00000006d6880000, 0x000000076d180000)
  object space 250368K, 93% used [0x00000006c7400000,0x00000006d59b3c88,0x00000006d6880000)
 Metaspace       used 41462K, capacity 41895K, committed 42112K, reserved 1087488K
  class space    used 4845K, capacity 4953K, committed 4992K, reserved 1048576K
}
Event: 13.353 GC heap before
{Heap before GC invocations=21 (full 6):
 PSYoungGen      total 521728K, used 24751K [0x000000076d180000, 0x0000000798880000, 0x00000007c0000000)
  eden space 440320K, 0% used [0x000000076d180000,0x000000076d180000,0x0000000787f80000)
  from space 81408K, 30% used [0x0000000787f80000,0x00000007897abcf0,0x000000078cf00000)
  to   space 76288K, 0% used [0x0000000793e00000,0x0000000793e00000,0x0000000798880000)
 ParOldGen       total 250368K, used 235215K [0x00000006c7400000, 0x00000006d6880000, 0x000000076d180000)
  object space 250368K, 93% used [0x00000006c7400000,0x00000006d59b3c88,0x00000006d6880000)
 Metaspace       used 41462K, capacity 41895K, committed 42112K, reserved 1087488K
  class space    used 4845K, capacity 4953K, committed 4992K, reserved 1048576K
Event: 13.410 GC heap after
Heap after GC invocations=21 (full 6):
 PSYoungGen      total 521728K, used 0K [0x000000076d180000, 0x0000000798880000, 0x00000007c0000000)
  eden space 440320K, 0% used [0x000000076d180000,0x000000076d180000,0x0000000787f80000)
  from space 81408K, 0% used [0x0000000787f80000,0x0000000787f80000,0x000000078cf00000)
  to   space 76288K, 0% used [0x0000000793e00000,0x0000000793e00000,0x0000000798880000)
 ParOldGen       total 474624K, used 234341K [0x00000006c7400000, 0x00000006e4380000, 0x000000076d180000)
  object space 474624K, 49% used [0x00000006c7400000,0x00000006d58d96c0,0x00000006e4380000)
 Metaspace       used 41462K, capacity 41895K, committed 42112K, reserved 1087488K
  class space    used 4845K, capacity 4953K, committed 4992K, reserved 1048576K
}
Event: 17.829 GC heap before
{Heap before GC invocations=22 (full 6):
 PSYoungGen      total 521728K, used 440320K [0x000000076d180000, 0x0000000798880000, 0x00000007c0000000)
  eden space 440320K, 100% used [0x000000076d180000,0x0000000787f80000,0x0000000787f80000)
  from space 81408K, 0% used [0x0000000787f80000,0x0000000787f80000,0x000000078cf00000)
  to   space 76288K, 0% used [0x0000000793e00000,0x0000000793e00000,0x0000000798880000)
 ParOldGen       total 474624K, used 234341K [0x00000006c7400000, 0x00000006e4380000, 0x000000076d180000)
  object space 474624K, 49% used [0x00000006c7400000,0x00000006d58d96c0,0x00000006e4380000)
 Metaspace       used 41780K, capacity 42201K, committed 42624K, reserved 1087488K
  class space    used 4854K, capacity 4988K, committed 4992K, reserved 1048576K
Event: 17.837 GC heap after
Heap after GC invocations=22 (full 6):
 PSYoungGen      total 623104K, used 31104K [0x000000076d180000, 0x0000000797f00000, 0x00000007c0000000)
  eden space 556544K, 0% used [0x000000076d180000,0x000000076d180000,0x000000078f100000)
  from space 66560K, 46% used [0x0000000793e00000,0x0000000795c60310,0x0000000797f00000)
  to   space 72704K, 0% used [0x000000078f100000,0x000000078f100000,0x0000000793800000)
 ParOldGen       total 474624K, used 234349K [0x00000006c7400000, 0x00000006e4380000, 0x000000076d180000)
  object space 474624K, 49% used [0x00000006c7400000,0x00000006d58db6c0,0x00000006e4380000)
 Metaspace       used 41780K, capacity 42201K, committed 42624K, reserved 1087488K
  class space    used 4854K, capacity 4988K, committed 4992K, reserved 1048576K
}

