# JRE version: Java(TM) SE Runtime Environment (8.0_411) (build 1.8.0_411-b09)
# Java VM: Java HotSpot(TM) 64-Bit Server VM (25.411-b09 mixed mode linux-amd64 compressed oops)
Heap:
 PSYoungGen      total 979968K, used 591477K [0x000000076d180000, 0x00000007b5400000, 0x00000007c0000000)
  eden space 950272K, 60% used [0x000000076d180000,0x000000079026d598,0x00000007a7180000)
  from space 29696K, 57% used [0x00000007a7180000,0x00000007a8230040,0x00000007a8e80000)
  to   space 29184K, 0% used [0x00000007b3780000,0x00000007b3780000,0x00000007b5400000)
 ParOldGen       total 223232K, used 61033K [0x00000006c7400000, 0x00000006d4e00000, 0x000000076d180000)
  object space 223232K, 27% used [0x00000006c7400000,0x00000006caf9a540,0x00000006d4e00000)
 Metaspace       used 34334K, capacity 34683K, committed 34944K, reserved 1079296K
  class space    used 4361K, capacity 4459K, committed 4480K, reserved 1048576K
GC Heap History (10 events):
Event: 21.575 GC heap before
{Heap before GC invocations=17 (full 1):
 PSYoungGen      total 672256K, used 665376K [0x000000076d180000, 0x00000007a3100000, 0x00000007c0000000)
  eden space 646656K, 100% used [0x000000076d180000,0x0000000794900000,0x0000000794900000)
  from space 25600K, 73% used [0x0000000794900000,0x0000000795b48040,0x0000000796200000)
  to   space 26624K, 0% used [0x00000007a1700000,0x00000007a1700000,0x00000007a3100000)
 ParOldGen       total 104960K, used 80759K [0x00000006c7400000, 0x00000006cda80000, 0x000000076d180000)
  object space 104960K, 76% used [0x00000006c7400000,0x00000006cc2ddd50,0x00000006cda80000)
 Metaspace       used 34216K, capacity 34615K, committed 34944K, reserved 1079296K
  class space    used 4360K, capacity 4459K, committed 4480K, reserved 1048576K
Event: 21.585 GC heap after
Heap after GC invocations=17 (full 1):
 PSYoungGen      total 845824K, used 26608K [0x000000076d180000, 0x00000007a3100000, 0x00000007c0000000)
  eden space 819200K, 0% used [0x000000076d180000,0x000000076d180000,0x000000079f180000)
  from space 26624K, 99% used [0x00000007a1700000,0x00000007a30fc050,0x00000007a3100000)
  to   space 31232K, 0% used [0x000000079f400000,0x000000079f400000,0x00000007a1280000)
 ParOldGen       total 104960K, used 83455K [0x00000006c7400000, 0x00000006cda80000, 0x000000076d180000)
  object space 104960K, 79% used [0x00000006c7400000,0x00000006cc57fd50,0x00000006cda80000)
 Metaspace       used 34216K, capacity 34615K, committed 34944K, reserved 1079296K
  class space    used 4360K, capacity 4459K, committed 4480K, reserved 1048576K
}
Event: 23.804 GC heap before
{Heap before GC invocations=18 (full 1):
 PSYoungGen      total 845824K, used 830167K [0x000000076d180000, 0x00000007a3100000, 0x00000007c0000000)
  eden space 819200K, 98% used [0x000000076d180000,0x000000079e239f08,0x000000079f180000)
  from space 26624K, 99% used [0x00000007a1700000,0x00000007a30fc050,0x00000007a3100000)
  to   space 31232K, 0% used [0x000000079f400000,0x000000079f400000,0x00000007a1280000)
 ParOldGen       total 104960K, used 83455K [0x00000006c7400000, 0x00000006cda80000, 0x000000076d180000)
  object space 104960K, 79% used [0x00000006c7400000,0x00000006cc57fd50,0x00000006cda80000)
 Metaspace       used 34256K, capacity 34615K, committed 34944K, reserved 1079296K
  class space    used 4360K, capacity 4459K, committed 4480K, reserved 1048576K
Event: 23.813 GC heap after
Heap after GC invocations=18 (full 1):
 PSYoungGen      total 852992K, used 15216K [0x000000076d180000, 0x00000007aab80000, 0x00000007c0000000)
  eden space 821760K, 0% used [0x000000076d180000,0x000000076d180000,0x000000079f400000)
  from space 31232K, 48% used [0x000000079f400000,0x00000007a02dc040,0x00000007a1280000)
  to   space 29696K, 0% used [0x00000007a8e80000,0x00000007a8e80000,0x00000007aab80000)
 ParOldGen       total 104960K, used 91523K [0x00000006c7400000, 0x00000006cda80000, 0x000000076d180000)
  object space 104960K, 87% used [0x00000006c7400000,0x00000006ccd60f30,0x00000006cda80000)
 Metaspace       used 34256K, capacity 34615K, committed 34944K, reserved 1079296K
  class space    used 4360K, capacity 4459K, committed 4480K, reserved 1048576K
}
Event: 23.813 GC heap before
{Heap before GC invocations=19 (full 2):
 PSYoungGen      total 852992K, used 15216K [0x000000076d180000, 0x00000007aab80000, 0x00000007c0000000)
  eden space 821760K, 0% used [0x000000076d180000,0x000000076d180000,0x000000079f400000)
  from space 31232K, 48% used [0x000000079f400000,0x00000007a02dc040,0x00000007a1280000)
  to   space 29696K, 0% used [0x00000007a8e80000,0x00000007a8e80000,0x00000007aab80000)
 ParOldGen       total 104960K, used 91523K [0x00000006c7400000, 0x00000006cda80000, 0x000000076d180000)
  object space 104960K, 87% used [0x00000006c7400000,0x00000006ccd60f30,0x00000006cda80000)
 Metaspace       used 34256K, capacity 34615K, committed 34944K, reserved 1079296K
  class space    used 4360K, capacity 4459K, committed 4480K, reserved 1048576K
Event: 23.871 GC heap after
Heap after GC invocations=19 (full 2):
 PSYoungGen      total 852992K, used 0K [0x000000076d180000, 0x00000007aab80000, 0x00000007c0000000)
  eden space 821760K, 0% used [0x000000076d180000,0x000000076d180000,0x000000079f400000)
  from space 31232K, 0% used [0x000000079f400000,0x000000079f400000,0x00000007a1280000)
  to   space 29696K, 0% used [0x00000007a8e80000,0x00000007a8e80000,0x00000007aab80000)
 ParOldGen       total 223232K, used 61025K [0x00000006c7400000, 0x00000006d4e00000, 0x000000076d180000)
  object space 223232K, 27% used [0x00000006c7400000,0x00000006caf98540,0x00000006d4e00000)
 Metaspace       used 34256K, capacity 34615K, committed 34944K, reserved 1079296K
  class space    used 4360K, capacity 4459K, committed 4480K, reserved 1048576K
}
Event: 25.983 GC heap before
{Heap before GC invocations=20 (full 2):
 PSYoungGen      total 852992K, used 821760K [0x000000076d180000, 0x00000007aab80000, 0x00000007c0000000)
  eden space 821760K, 100% used [0x000000076d180000,0x000000079f400000,0x000000079f400000)
  from space 31232K, 0% used [0x000000079f400000,0x000000079f400000,0x00000007a1280000)
  to   space 29696K, 0% used [0x00000007a8e80000,0x00000007a8e80000,0x00000007aab80000)
 ParOldGen       total 223232K, used 61025K [0x00000006c7400000, 0x00000006d4e00000, 0x000000076d180000)
  object space 223232K, 27% used [0x00000006c7400000,0x00000006caf98540,0x00000006d4e00000)
 Metaspace       used 34280K, capacity 34615K, committed 34944K, reserved 1079296K
  class space    used 4360K, capacity 4459K, committed 4480K, reserved 1048576K
Event: 25.992 GC heap after
Heap after GC invocations=20 (full 2):
 PSYoungGen      total 979968K, used 17808K [0x000000076d180000, 0x00000007acc80000, 0x00000007c0000000)
  eden space 950272K, 0% used [0x000000076d180000,0x000000076d180000,0x00000007a7180000)
  from space 29696K, 59% used [0x00000007a8e80000,0x00000007a9fe4040,0x00000007aab80000)
  to   space 29696K, 0% used [0x00000007a7180000,0x00000007a7180000,0x00000007a8e80000)
 ParOldGen       total 223232K, used 61025K [0x00000006c7400000, 0x00000006d4e00000, 0x000000076d180000)
  object space 223232K, 27% used [0x00000006c7400000,0x00000006caf98540,0x00000006d4e00000)
 Metaspace       used 34280K, capacity 34615K, committed 34944K, reserved 1079296K
  class space    used 4360K, capacity 4459K, committed 4480K, reserved 1048576K
}
Event: 28.475 GC heap before
{Heap before GC invocations=21 (full 2):
 PSYoungGen      total 979968K, used 965385K [0x000000076d180000, 0x00000007acc80000, 0x00000007c0000000)
  eden space 950272K, 99% used [0x000000076d180000,0x00000007a6ede518,0x00000007a7180000)
  from space 29696K, 59% used [0x00000007a8e80000,0x00000007a9fe4040,0x00000007aab80000)
  to   space 29696K, 0% used [0x00000007a7180000,0x00000007a7180000,0x00000007a8e80000)
 ParOldGen       total 223232K, used 61025K [0x00000006c7400000, 0x00000006d4e00000, 0x000000076d180000)
  object space 223232K, 27% used [0x00000006c7400000,0x00000006caf98540,0x00000006d4e00000)
 Metaspace       used 34311K, capacity 34683K, committed 34944K, reserved 1079296K
  class space    used 4360K, capacity 4459K, committed 4480K, reserved 1048576K
Event: 28.485 GC heap after
Heap after GC invocations=21 (full 2):
 PSYoungGen      total 979968K, used 17088K [0x000000076d180000, 0x00000007b5400000, 0x00000007c0000000)
  eden space 950272K, 0% used [0x000000076d180000,0x000000076d180000,0x00000007a7180000)
  from space 29696K, 57% used [0x00000007a7180000,0x00000007a8230040,0x00000007a8e80000)
  to   space 29184K, 0% used [0x00000007b3780000,0x00000007b3780000,0x00000007b5400000)
 ParOldGen       total 223232K, used 61033K [0x00000006c7400000, 0x00000006d4e00000, 0x000000076d180000)
  object space 223232K, 27% used [0x00000006c7400000,0x00000006caf9a540,0x00000006d4e00000)
 Metaspace       used 34311K, capacity 34683K, committed 34944K, reserved 1079296K
  class space    used 4360K, capacity 4459K, committed 4480K, reserved 1048576K
}

