# JRE version: Java(TM) SE Runtime Environment (8.0_411) (build 1.8.0_411-b09)
# Java VM: Java HotSpot(TM) 64-Bit Server VM (25.411-b09 mixed mode linux-amd64 compressed oops)
Heap:
 PSYoungGen      total 979456K, used 293198K [0x000000076d180000, 0x00000007b5600000, 0x00000007c0000000)
  eden space 777216K, 21% used [0x000000076d180000,0x000000077738e170,0x000000079c880000)
  from space 202240K, 62% used [0x000000079c880000,0x00000007a44c5998,0x00000007a8e00000)
  to   space 199168K, 0% used [0x00000007a9380000,0x00000007a9380000,0x00000007b5600000)
 ParOldGen       total 568832K, used 515760K [0x00000006c7400000, 0x00000006e9f80000, 0x000000076d180000)
  object space 568832K, 90% used [0x00000006c7400000,0x00000006e6bac3e8,0x00000006e9f80000)
 Metaspace       used 43738K, capacity 44195K, committed 44544K, reserved 1089536K
  class space    used 4901K, capacity 5011K, committed 5120K, reserved 1048576K
GC Heap History (10 events):
Event: 984.366 GC heap before
{Heap before GC invocations=168 (full 7):
 PSYoungGen      total 967680K, used 885762K [0x000000076d180000, 0x00000007b5580000, 0x00000007c0000000)
  eden space 757760K, 100% used [0x000000076d180000,0x000000079b580000,0x000000079b580000)
  from space 209920K, 60% used [0x00000007a8880000,0x00000007b0580bb8,0x00000007b5580000)
  to   space 212992K, 0% used [0x000000079b580000,0x000000079b580000,0x00000007a8580000)
 ParOldGen       total 568832K, used 513845K [0x00000006c7400000, 0x00000006e9f80000, 0x000000076d180000)
  object space 568832K, 90% used [0x00000006c7400000,0x00000006e69cd468,0x00000006e9f80000)
 Metaspace       used 43719K, capacity 44131K, committed 44544K, reserved 1089536K
  class space    used 4899K, capacity 5011K, committed 5120K, reserved 1048576K
Event: 984.380 GC heap after
Heap after GC invocations=168 (full 7):
 PSYoungGen      total 970752K, used 127841K [0x000000076d180000, 0x00000007b5c80000, 0x00000007c0000000)
  eden space 757760K, 0% used [0x000000076d180000,0x000000076d180000,0x000000079b580000)
  from space 212992K, 60% used [0x000000079b580000,0x00000007a3258408,0x00000007a8580000)
  to   space 210944K, 0% used [0x00000007a8e80000,0x00000007a8e80000,0x00000007b5c80000)
 ParOldGen       total 568832K, used 514281K [0x00000006c7400000, 0x00000006e9f80000, 0x000000076d180000)
  object space 568832K, 90% used [0x00000006c7400000,0x00000006e6a3a518,0x00000006e9f80000)
 Metaspace       used 43719K, capacity 44131K, committed 44544K, reserved 1089536K
  class space    used 4899K, capacity 5011K, committed 5120K, reserved 1048576K
}
Event: 1002.068 GC heap before
{Heap before GC invocations=169 (full 7):
 PSYoungGen      total 970752K, used 885601K [0x000000076d180000, 0x00000007b5c80000, 0x00000007c0000000)
  eden space 757760K, 100% used [0x000000076d180000,0x000000079b580000,0x000000079b580000)
  from space 212992K, 60% used [0x000000079b580000,0x00000007a3258408,0x00000007a8580000)
  to   space 210944K, 0% used [0x00000007a8e80000,0x00000007a8e80000,0x00000007b5c80000)
 ParOldGen       total 568832K, used 514281K [0x00000006c7400000, 0x00000006e9f80000, 0x000000076d180000)
  object space 568832K, 90% used [0x00000006c7400000,0x00000006e6a3a518,0x00000006e9f80000)
 Metaspace       used 43721K, capacity 44131K, committed 44544K, reserved 1089536K
  class space    used 4899K, capacity 5011K, committed 5120K, reserved 1048576K
Event: 1002.083 GC heap after
Heap after GC invocations=169 (full 7):
 PSYoungGen      total 972800K, used 127396K [0x000000076d180000, 0x00000007b5680000, 0x00000007c0000000)
  eden space 768000K, 0% used [0x000000076d180000,0x000000076d180000,0x000000079bf80000)
  from space 204800K, 62% used [0x00000007a8e80000,0x00000007b0ae9038,0x00000007b5680000)
  to   space 208384K, 0% used [0x000000079bf80000,0x000000079bf80000,0x00000007a8b00000)
 ParOldGen       total 568832K, used 514481K [0x00000006c7400000, 0x00000006e9f80000, 0x000000076d180000)
  object space 568832K, 90% used [0x00000006c7400000,0x00000006e6a6c518,0x00000006e9f80000)
 Metaspace       used 43721K, capacity 44131K, committed 44544K, reserved 1089536K
  class space    used 4899K, capacity 5011K, committed 5120K, reserved 1048576K
}
Event: 1019.468 GC heap before
{Heap before GC invocations=170 (full 7):
 PSYoungGen      total 972800K, used 895396K [0x000000076d180000, 0x00000007b5680000, 0x00000007c0000000)
  eden space 768000K, 100% used [0x000000076d180000,0x000000079bf80000,0x000000079bf80000)
  from space 204800K, 62% used [0x00000007a8e80000,0x00000007b0ae9038,0x00000007b5680000)
  to   space 208384K, 0% used [0x000000079bf80000,0x000000079bf80000,0x00000007a8b00000)
 ParOldGen       total 568832K, used 514481K [0x00000006c7400000, 0x00000006e9f80000, 0x000000076d180000)
  object space 568832K, 90% used [0x00000006c7400000,0x00000006e6a6c518,0x00000006e9f80000)
 Metaspace       used 43722K, capacity 44131K, committed 44544K, reserved 1089536K
  class space    used 4899K, capacity 5011K, committed 5120K, reserved 1048576K
Event: 1019.482 GC heap after
Heap after GC invocations=170 (full 7):
 PSYoungGen      total 976384K, used 127802K [0x000000076d180000, 0x00000007b5a00000, 0x00000007c0000000)
  eden space 768000K, 0% used [0x000000076d180000,0x000000076d180000,0x000000079bf80000)
  from space 208384K, 61% used [0x000000079bf80000,0x00000007a3c4ebb8,0x00000007a8b00000)
  to   space 205312K, 0% used [0x00000007a9180000,0x00000007a9180000,0x00000007b5a00000)
 ParOldGen       total 568832K, used 514797K [0x00000006c7400000, 0x00000006e9f80000, 0x000000076d180000)
  object space 568832K, 90% used [0x00000006c7400000,0x00000006e6abb738,0x00000006e9f80000)
 Metaspace       used 43722K, capacity 44131K, committed 44544K, reserved 1089536K
  class space    used 4899K, capacity 5011K, committed 5120K, reserved 1048576K
}
Event: 1036.866 GC heap before
{Heap before GC invocations=171 (full 7):
 PSYoungGen      total 976384K, used 895802K [0x000000076d180000, 0x00000007b5a00000, 0x00000007c0000000)
  eden space 768000K, 100% used [0x000000076d180000,0x000000079bf80000,0x000000079bf80000)
  from space 208384K, 61% used [0x000000079bf80000,0x00000007a3c4ebb8,0x00000007a8b00000)
  to   space 205312K, 0% used [0x00000007a9180000,0x00000007a9180000,0x00000007b5a00000)
 ParOldGen       total 568832K, used 514797K [0x00000006c7400000, 0x00000006e9f80000, 0x000000076d180000)
  object space 568832K, 90% used [0x00000006c7400000,0x00000006e6abb738,0x00000006e9f80000)
 Metaspace       used 43722K, capacity 44131K, committed 44544K, reserved 1089536K
  class space    used 4899K, capacity 5011K, committed 5120K, reserved 1048576K
Event: 1036.883 GC heap after
Heap after GC invocations=171 (full 7):
 PSYoungGen      total 975872K, used 127914K [0x000000076d180000, 0x00000007b5380000, 0x00000007c0000000)
  eden space 777216K, 0% used [0x000000076d180000,0x000000076d180000,0x000000079c880000)
  from space 198656K, 64% used [0x00000007a9180000,0x00000007b0e6aa38,0x00000007b5380000)
  to   space 202240K, 0% used [0x000000079c880000,0x000000079c880000,0x00000007a8e00000)
 ParOldGen       total 568832K, used 515471K [0x00000006c7400000, 0x00000006e9f80000, 0x000000076d180000)
  object space 568832K, 90% used [0x00000006c7400000,0x00000006e6b63c68,0x00000006e9f80000)
 Metaspace       used 43722K, capacity 44131K, committed 44544K, reserved 1089536K
  class space    used 4899K, capacity 5011K, committed 5120K, reserved 1048576K
}
Event: 1055.516 GC heap before
{Heap before GC invocations=172 (full 7):
 PSYoungGen      total 975872K, used 905130K [0x000000076d180000, 0x00000007b5380000, 0x00000007c0000000)
  eden space 777216K, 100% used [0x000000076d180000,0x000000079c880000,0x000000079c880000)
  from space 198656K, 64% used [0x00000007a9180000,0x00000007b0e6aa38,0x00000007b5380000)
  to   space 202240K, 0% used [0x000000079c880000,0x000000079c880000,0x00000007a8e00000)
 ParOldGen       total 568832K, used 515471K [0x00000006c7400000, 0x00000006e9f80000, 0x000000076d180000)
  object space 568832K, 90% used [0x00000006c7400000,0x00000006e6b63c68,0x00000006e9f80000)
 Metaspace       used 43722K, capacity 44131K, committed 44544K, reserved 1089536K
  class space    used 4899K, capacity 5011K, committed 5120K, reserved 1048576K
Event: 1055.530 GC heap after
Heap after GC invocations=172 (full 7):
 PSYoungGen      total 979456K, used 127254K [0x000000076d180000, 0x00000007b5600000, 0x00000007c0000000)
  eden space 777216K, 0% used [0x000000076d180000,0x000000076d180000,0x000000079c880000)
  from space 202240K, 62% used [0x000000079c880000,0x00000007a44c5998,0x00000007a8e00000)
  to   space 199168K, 0% used [0x00000007a9380000,0x00000007a9380000,0x00000007b5600000)
 ParOldGen       total 568832K, used 515760K [0x00000006c7400000, 0x00000006e9f80000, 0x000000076d180000)
  object space 568832K, 90% used [0x00000006c7400000,0x00000006e6bac3e8,0x00000006e9f80000)
 Metaspace       used 43722K, capacity 44131K, committed 44544K, reserved 1089536K
  class space    used 4899K, capacity 5011K, committed 5120K, reserved 1048576K
}

