# JRE version: Java(TM) SE Runtime Environment (8.0_411) (build 1.8.0_411-b09)
# Java VM: Java HotSpot(TM) 64-Bit Server VM (25.411-b09 mixed mode linux-amd64 compressed oops)
Heap:
 PSYoungGen      total 369152K, used 211933K [0x000000076d180000, 0x000000078c700000, 0x00000007c0000000)
  eden space 337920K, 60% used [0x000000076d180000,0x000000077999f728,0x0000000781b80000)
  from space 31232K, 22% used [0x0000000781b80000,0x0000000782258030,0x0000000783a00000)
  to   space 30720K, 0% used [0x000000078a900000,0x000000078a900000,0x000000078c700000)
 ParOldGen       total 101888K, used 65476K [0x00000006c7400000, 0x00000006cd780000, 0x000000076d180000)
  object space 101888K, 64% used [0x00000006c7400000,0x00000006cb3f1060,0x00000006cd780000)
 Metaspace       used 34298K, capacity 34603K, committed 34944K, reserved 1079296K
  class space    used 4367K, capacity 4457K, committed 4480K, reserved 1048576K
GC Heap History (10 events):
Event: 2.040 GC heap before
{Heap before GC invocations=8 (full 1):
 PSYoungGen      total 160768K, used 160756K [0x000000076d180000, 0x0000000779800000, 0x00000007c0000000)
  eden space 146944K, 100% used [0x000000076d180000,0x0000000776100000,0x0000000776100000)
  from space 13824K, 99% used [0x0000000777500000,0x000000077827d040,0x0000000778280000)
  to   space 20480K, 0% used [0x0000000776100000,0x0000000776100000,0x0000000777500000)
 ParOldGen       total 101888K, used 23660K [0x00000006c7400000, 0x00000006cd780000, 0x000000076d180000)
  object space 101888K, 23% used [0x00000006c7400000,0x00000006c8b1b130,0x00000006cd780000)
 Metaspace       used 31961K, capacity 32267K, committed 32512K, reserved 1077248K
  class space    used 4235K, capacity 4349K, committed 4352K, reserved 1048576K
Event: 2.053 GC heap after
Heap after GC invocations=8 (full 1):
 PSYoungGen      total 167424K, used 20458K [0x000000076d180000, 0x000000077fc80000, 0x00000007c0000000)
  eden space 146944K, 0% used [0x000000076d180000,0x000000076d180000,0x0000000776100000)
  from space 20480K, 99% used [0x0000000776100000,0x00000007774fa8a0,0x0000000777500000)
  to   space 27136K, 0% used [0x000000077e200000,0x000000077e200000,0x000000077fc80000)
 ParOldGen       total 101888K, used 28784K [0x00000006c7400000, 0x00000006cd780000, 0x000000076d180000)
  object space 101888K, 28% used [0x00000006c7400000,0x00000006c901c228,0x00000006cd780000)
 Metaspace       used 31961K, capacity 32267K, committed 32512K, reserved 1077248K
  class space    used 4235K, capacity 4349K, committed 4352K, reserved 1048576K
}
Event: 2.524 GC heap before
{Heap before GC invocations=9 (full 1):
 PSYoungGen      total 167424K, used 167402K [0x000000076d180000, 0x000000077fc80000, 0x00000007c0000000)
  eden space 146944K, 100% used [0x000000076d180000,0x0000000776100000,0x0000000776100000)
  from space 20480K, 99% used [0x0000000776100000,0x00000007774fa8a0,0x0000000777500000)
  to   space 27136K, 0% used [0x000000077e200000,0x000000077e200000,0x000000077fc80000)
 ParOldGen       total 101888K, used 28784K [0x00000006c7400000, 0x00000006cd780000, 0x000000076d180000)
  object space 101888K, 28% used [0x00000006c7400000,0x00000006c901c228,0x00000006cd780000)
 Metaspace       used 32291K, capacity 32593K, committed 32768K, reserved 1077248K
  class space    used 4251K, capacity 4350K, committed 4352K, reserved 1048576K
Event: 2.535 GC heap after
Heap after GC invocations=9 (full 1):
 PSYoungGen      total 273920K, used 17574K [0x000000076d180000, 0x000000077fb00000, 0x00000007c0000000)
  eden space 248320K, 0% used [0x000000076d180000,0x000000076d180000,0x000000077c400000)
  from space 25600K, 68% used [0x000000077e200000,0x000000077f329820,0x000000077fb00000)
  to   space 28160K, 0% used [0x000000077c400000,0x000000077c400000,0x000000077df80000)
 ParOldGen       total 101888K, used 35156K [0x00000006c7400000, 0x00000006cd780000, 0x000000076d180000)
  object space 101888K, 34% used [0x00000006c7400000,0x00000006c9655268,0x00000006cd780000)
 Metaspace       used 32291K, capacity 32593K, committed 32768K, reserved 1077248K
  class space    used 4251K, capacity 4350K, committed 4352K, reserved 1048576K
}
Event: 3.154 GC heap before
{Heap before GC invocations=10 (full 1):
 PSYoungGen      total 273920K, used 265894K [0x000000076d180000, 0x000000077fb00000, 0x00000007c0000000)
  eden space 248320K, 100% used [0x000000076d180000,0x000000077c400000,0x000000077c400000)
  from space 25600K, 68% used [0x000000077e200000,0x000000077f329820,0x000000077fb00000)
  to   space 28160K, 0% used [0x000000077c400000,0x000000077c400000,0x000000077df80000)
 ParOldGen       total 101888K, used 35156K [0x00000006c7400000, 0x00000006cd780000, 0x000000076d180000)
  object space 101888K, 34% used [0x00000006c7400000,0x00000006c9655268,0x00000006cd780000)
 Metaspace       used 33200K, capacity 33553K, committed 33920K, reserved 1079296K
  class space    used 4297K, capacity 4414K, committed 4480K, reserved 1048576K
Event: 3.167 GC heap after
Heap after GC invocations=10 (full 1):
 PSYoungGen      total 276480K, used 26186K [0x000000076d180000, 0x0000000786280000, 0x00000007c0000000)
  eden space 248320K, 0% used [0x000000076d180000,0x000000076d180000,0x000000077c400000)
  from space 28160K, 92% used [0x000000077c400000,0x000000077dd92ac8,0x000000077df80000)
  to   space 31744K, 0% used [0x0000000784380000,0x0000000784380000,0x0000000786280000)
 ParOldGen       total 101888K, used 42453K [0x00000006c7400000, 0x00000006cd780000, 0x000000076d180000)
  object space 101888K, 41% used [0x00000006c7400000,0x00000006c9d756c8,0x00000006cd780000)
 Metaspace       used 33200K, capacity 33553K, committed 33920K, reserved 1079296K
  class space    used 4297K, capacity 4414K, committed 4480K, reserved 1048576K
}
Event: 6.851 GC heap before
{Heap before GC invocations=11 (full 1):
 PSYoungGen      total 276480K, used 274409K [0x000000076d180000, 0x0000000786280000, 0x00000007c0000000)
  eden space 248320K, 99% used [0x000000076d180000,0x000000077c3e7aa8,0x000000077c400000)
  from space 28160K, 92% used [0x000000077c400000,0x000000077dd92ac8,0x000000077df80000)
  to   space 31744K, 0% used [0x0000000784380000,0x0000000784380000,0x0000000786280000)
 ParOldGen       total 101888K, used 42453K [0x00000006c7400000, 0x00000006cd780000, 0x000000076d180000)
  object space 101888K, 41% used [0x00000006c7400000,0x00000006c9d756c8,0x00000006cd780000)
 Metaspace       used 33886K, capacity 34247K, committed 34432K, reserved 1079296K
  class space    used 4357K, capacity 4451K, committed 4480K, reserved 1048576K
Event: 6.859 GC heap after
Heap after GC invocations=11 (full 1):
 PSYoungGen      total 359424K, used 16999K [0x000000076d180000, 0x0000000785880000, 0x00000007c0000000)
  eden space 337920K, 0% used [0x000000076d180000,0x000000076d180000,0x0000000781b80000)
  from space 21504K, 79% used [0x0000000784380000,0x0000000785419ea0,0x0000000785880000)
  to   space 31232K, 0% used [0x0000000781b80000,0x0000000781b80000,0x0000000783a00000)
 ParOldGen       total 101888K, used 50697K [0x00000006c7400000, 0x00000006cd780000, 0x000000076d180000)
  object space 101888K, 49% used [0x00000006c7400000,0x00000006ca5824b0,0x00000006cd780000)
 Metaspace       used 33886K, capacity 34247K, committed 34432K, reserved 1079296K
  class space    used 4357K, capacity 4451K, committed 4480K, reserved 1048576K
}
Event: 7.596 GC heap before
{Heap before GC invocations=12 (full 1):
 PSYoungGen      total 359424K, used 354919K [0x000000076d180000, 0x0000000785880000, 0x00000007c0000000)
  eden space 337920K, 100% used [0x000000076d180000,0x0000000781b80000,0x0000000781b80000)
  from space 21504K, 79% used [0x0000000784380000,0x0000000785419ea0,0x0000000785880000)
  to   space 31232K, 0% used [0x0000000781b80000,0x0000000781b80000,0x0000000783a00000)
 ParOldGen       total 101888K, used 50697K [0x00000006c7400000, 0x00000006cd780000, 0x000000076d180000)
  object space 101888K, 49% used [0x00000006c7400000,0x00000006ca5824b0,0x00000006cd780000)
 Metaspace       used 33937K, capacity 34277K, committed 34432K, reserved 1079296K
  class space    used 4361K, capacity 4456K, committed 4480K, reserved 1048576K
Event: 7.604 GC heap after
Heap after GC invocations=12 (full 1):
 PSYoungGen      total 369152K, used 7008K [0x000000076d180000, 0x000000078c700000, 0x00000007c0000000)
  eden space 337920K, 0% used [0x000000076d180000,0x000000076d180000,0x0000000781b80000)
  from space 31232K, 22% used [0x0000000781b80000,0x0000000782258030,0x0000000783a00000)
  to   space 30720K, 0% used [0x000000078a900000,0x000000078a900000,0x000000078c700000)
 ParOldGen       total 101888K, used 65476K [0x00000006c7400000, 0x00000006cd780000, 0x000000076d180000)
  object space 101888K, 64% used [0x00000006c7400000,0x00000006cb3f1060,0x00000006cd780000)
 Metaspace       used 33937K, capacity 34277K, committed 34432K, reserved 1079296K
  class space    used 4361K, capacity 4456K, committed 4480K, reserved 1048576K
}

