# JRE version: Java(TM) SE Runtime Environment (8.0_411) (build 1.8.0_411-b09)
# Java VM: Java HotSpot(TM) 64-Bit Server VM (25.411-b09 mixed mode linux-amd64 compressed oops)
Heap:
 PSYoungGen      total 368128K, used 15557K [0x000000076d180000, 0x0000000786300000, 0x00000007c0000000)
  eden space 342528K, 4% used [0x000000076d180000,0x000000076e0b1448,0x0000000782000000)
  from space 25600K, 0% used [0x0000000784a00000,0x0000000784a00000,0x0000000786300000)
  to   space 34304K, 0% used [0x0000000782000000,0x0000000782000000,0x0000000784180000)
 ParOldGen       total 245248K, used 80691K [0x00000006c7400000, 0x00000006d6380000, 0x000000076d180000)
  object space 245248K, 32% used [0x00000006c7400000,0x00000006cc2ccf80,0x00000006d6380000)
 Metaspace       used 35182K, capacity 35413K, committed 35928K, reserved 1081344K
  class space    used 4357K, capacity 4439K, committed 4480K, reserved 1048576K
GC Heap History (10 events):
Event: 2.228 GC heap before
{Heap before GC invocations=8 (full 1):
 PSYoungGen      total 159744K, used 159712K [0x000000076d180000, 0x0000000779580000, 0x00000007c0000000)
  eden space 145408K, 100% used [0x000000076d180000,0x0000000775f80000,0x0000000775f80000)
  from space 14336K, 99% used [0x0000000777400000,0x00000007781f8030,0x0000000778200000)
  to   space 20992K, 0% used [0x0000000775f80000,0x0000000775f80000,0x0000000777400000)
 ParOldGen       total 105984K, used 24388K [0x00000006c7400000, 0x00000006cdb80000, 0x000000076d180000)
  object space 105984K, 23% used [0x00000006c7400000,0x00000006c8bd1370,0x00000006cdb80000)
 Metaspace       used 32546K, capacity 32789K, committed 33280K, reserved 1079296K
  class space    used 4174K, capacity 4247K, committed 4352K, reserved 1048576K
Event: 2.242 GC heap after
Heap after GC invocations=8 (full 1):
 PSYoungGen      total 166400K, used 20971K [0x000000076d180000, 0x0000000781180000, 0x00000007c0000000)
  eden space 145408K, 0% used [0x000000076d180000,0x000000076d180000,0x0000000775f80000)
  from space 20992K, 99% used [0x0000000775f80000,0x00000007773face0,0x0000000777400000)
  to   space 37888K, 0% used [0x000000077ec80000,0x000000077ec80000,0x0000000781180000)
 ParOldGen       total 105984K, used 49702K [0x00000006c7400000, 0x00000006cdb80000, 0x000000076d180000)
  object space 105984K, 46% used [0x00000006c7400000,0x00000006ca489920,0x00000006cdb80000)
 Metaspace       used 32546K, capacity 32789K, committed 33280K, reserved 1079296K
  class space    used 4174K, capacity 4247K, committed 4352K, reserved 1048576K
}
Event: 2.671 GC heap before
{Heap before GC invocations=9 (full 1):
 PSYoungGen      total 166400K, used 166379K [0x000000076d180000, 0x0000000781180000, 0x00000007c0000000)
  eden space 145408K, 100% used [0x000000076d180000,0x0000000775f80000,0x0000000775f80000)
  from space 20992K, 99% used [0x0000000775f80000,0x00000007773face0,0x0000000777400000)
  to   space 37888K, 0% used [0x000000077ec80000,0x000000077ec80000,0x0000000781180000)
 ParOldGen       total 105984K, used 49702K [0x00000006c7400000, 0x00000006cdb80000, 0x000000076d180000)
  object space 105984K, 46% used [0x00000006c7400000,0x00000006ca489920,0x00000006cdb80000)
 Metaspace       used 32855K, capacity 33109K, committed 33536K, reserved 1079296K
  class space    used 4191K, capacity 4247K, committed 4352K, reserved 1048576K
Event: 2.681 GC heap after
Heap after GC invocations=9 (full 1):
 PSYoungGen      total 281600K, used 18003K [0x000000076d180000, 0x0000000780c80000, 0x00000007c0000000)
  eden space 248832K, 0% used [0x000000076d180000,0x000000076d180000,0x000000077c480000)
  from space 32768K, 54% used [0x000000077ec80000,0x000000077fe14c70,0x0000000780c80000)
  to   space 36864K, 0% used [0x000000077c480000,0x000000077c480000,0x000000077e880000)
 ParOldGen       total 105984K, used 55746K [0x00000006c7400000, 0x00000006cdb80000, 0x000000076d180000)
  object space 105984K, 52% used [0x00000006c7400000,0x00000006caa70960,0x00000006cdb80000)
 Metaspace       used 32855K, capacity 33109K, committed 33536K, reserved 1079296K
  class space    used 4191K, capacity 4247K, committed 4352K, reserved 1048576K
}
Event: 3.281 GC heap before
{Heap before GC invocations=10 (full 1):
 PSYoungGen      total 281600K, used 266835K [0x000000076d180000, 0x0000000780c80000, 0x00000007c0000000)
  eden space 248832K, 100% used [0x000000076d180000,0x000000077c480000,0x000000077c480000)
  from space 32768K, 54% used [0x000000077ec80000,0x000000077fe14c70,0x0000000780c80000)
  to   space 36864K, 0% used [0x000000077c480000,0x000000077c480000,0x000000077e880000)
 ParOldGen       total 105984K, used 55746K [0x00000006c7400000, 0x00000006cdb80000, 0x000000076d180000)
  object space 105984K, 52% used [0x00000006c7400000,0x00000006caa70960,0x00000006cdb80000)
 Metaspace       used 33394K, capacity 33685K, committed 34048K, reserved 1079296K
  class space    used 4213K, capacity 4311K, committed 4352K, reserved 1048576K
Event: 3.290 GC heap after
Heap after GC invocations=10 (full 1):
 PSYoungGen      total 285696K, used 14087K [0x000000076d180000, 0x0000000786c00000, 0x00000007c0000000)
  eden space 248832K, 0% used [0x000000076d180000,0x000000076d180000,0x000000077c480000)
  from space 36864K, 38% used [0x000000077c480000,0x000000077d241df0,0x000000077e880000)
  to   space 34816K, 0% used [0x0000000784a00000,0x0000000784a00000,0x0000000786c00000)
 ParOldGen       total 105984K, used 63891K [0x00000006c7400000, 0x00000006cdb80000, 0x000000076d180000)
  object space 105984K, 60% used [0x00000006c7400000,0x00000006cb264dc0,0x00000006cdb80000)
 Metaspace       used 33394K, capacity 33685K, committed 34048K, reserved 1079296K
  class space    used 4213K, capacity 4311K, committed 4352K, reserved 1048576K
}
Event: 5.007 GC heap before
{Heap before GC invocations=11 (full 1):
 PSYoungGen      total 285696K, used 218431K [0x000000076d180000, 0x0000000786c00000, 0x00000007c0000000)
  eden space 248832K, 82% used [0x000000076d180000,0x000000077990e0b0,0x000000077c480000)
  from space 36864K, 38% used [0x000000077c480000,0x000000077d241df0,0x000000077e880000)
  to   space 34816K, 0% used [0x0000000784a00000,0x0000000784a00000,0x0000000786c00000)
 ParOldGen       total 105984K, used 63891K [0x00000006c7400000, 0x00000006cdb80000, 0x000000076d180000)
  object space 105984K, 60% used [0x00000006c7400000,0x00000006cb264dc0,0x00000006cdb80000)
 Metaspace       used 34823K, capacity 35061K, committed 35416K, reserved 1081344K
  class space    used 4315K, capacity 4407K, committed 4480K, reserved 1048576K
Event: 5.015 GC heap after
Heap after GC invocations=11 (full 1):
 PSYoungGen      total 368128K, used 19792K [0x000000076d180000, 0x0000000786300000, 0x00000007c0000000)
  eden space 342528K, 0% used [0x000000076d180000,0x000000076d180000,0x0000000782000000)
  from space 25600K, 77% used [0x0000000784a00000,0x0000000785d54248,0x0000000786300000)
  to   space 34304K, 0% used [0x0000000782000000,0x0000000782000000,0x0000000784180000)
 ParOldGen       total 105984K, used 72060K [0x00000006c7400000, 0x00000006cdb80000, 0x000000076d180000)
  object space 105984K, 67% used [0x00000006c7400000,0x00000006cba5f108,0x00000006cdb80000)
 Metaspace       used 34823K, capacity 35061K, committed 35416K, reserved 1081344K
  class space    used 4315K, capacity 4407K, committed 4480K, reserved 1048576K
}
Event: 5.015 GC heap before
{Heap before GC invocations=12 (full 2):
 PSYoungGen      total 368128K, used 19792K [0x000000076d180000, 0x0000000786300000, 0x00000007c0000000)
  eden space 342528K, 0% used [0x000000076d180000,0x000000076d180000,0x0000000782000000)
  from space 25600K, 77% used [0x0000000784a00000,0x0000000785d54248,0x0000000786300000)
  to   space 34304K, 0% used [0x0000000782000000,0x0000000782000000,0x0000000784180000)
 ParOldGen       total 105984K, used 72060K [0x00000006c7400000, 0x00000006cdb80000, 0x000000076d180000)
  object space 105984K, 67% used [0x00000006c7400000,0x00000006cba5f108,0x00000006cdb80000)
 Metaspace       used 34823K, capacity 35061K, committed 35416K, reserved 1081344K
  class space    used 4315K, capacity 4407K, committed 4480K, reserved 1048576K
Event: 5.105 GC heap after
Heap after GC invocations=12 (full 2):
 PSYoungGen      total 368128K, used 0K [0x000000076d180000, 0x0000000786300000, 0x00000007c0000000)
  eden space 342528K, 0% used [0x000000076d180000,0x000000076d180000,0x0000000782000000)
  from space 25600K, 0% used [0x0000000784a00000,0x0000000784a00000,0x0000000786300000)
  to   space 34304K, 0% used [0x0000000782000000,0x0000000782000000,0x0000000784180000)
 ParOldGen       total 245248K, used 80691K [0x00000006c7400000, 0x00000006d6380000, 0x000000076d180000)
  object space 245248K, 32% used [0x00000006c7400000,0x00000006cc2ccf80,0x00000006d6380000)
 Metaspace       used 34823K, capacity 35061K, committed 35416K, reserved 1081344K
  class space    used 4315K, capacity 4407K, committed 4480K, reserved 1048576K
}

